<?xml version="1.0" encoding="UTF-8"?>
<!-- Generated by org.testng.reporters.JUnitReportReporter -->
<testsuite name="com.qmetry.qaf.automation.step.client.Scenario" tests="1" time="0.157" ignored="0" failures="0" timestamp="08 Oct 2018 04:16:27 GMT" skipped="1" hostname="Bingo" errors="0">
  <testcase name="Validating web login" time="0.157" classname="com.qmetry.qaf.automation.step.client.Scenario">
    <skipped/>
  </testcase> <!-- Validating web login -->
</testsuite> <!-- com.qmetry.qaf.automation.step.client.Scenario -->
