<?xml version="1.0" encoding="UTF-8"?>
<!-- Generated by org.testng.reporters.JUnitReportReporter -->
<testsuite name="com.qmetry.qaf.automation.step.client.Scenario" tests="1" time="9.615" ignored="0" failures="0" timestamp="09 Oct 2018 04:47:18 GMT" skipped="1" hostname="Bingo" errors="0">
  <testcase name="Validating web login" time="9.615" classname="com.qmetry.qaf.automation.step.client.Scenario">
    <skipped/>
  </testcase> <!-- Validating web login -->
</testsuite> <!-- com.qmetry.qaf.automation.step.client.Scenario -->
